<?xml version="1.0" encoding="UTF-8"?>
<!-- Generated by org.testng.reporters.JUnitXMLReporter -->
<testsuite ignored="0" hostname="Adityas-MacBook-Pro.local" failures="1" tests="1" name="Surefire test" time="21.755" errors="0" timestamp="2025-09-06T18:31:46 IST">
  <testcase classname="io.cucumber.testng.AbstractTestNGCucumberTests" name="runScenario" time="21.191">
    <failure type="java.lang.IllegalArgumentException" message="Keys to send should be a not null CharSequence">
      <![CDATA[java.lang.IllegalArgumentException: Keys to send should be a not null CharSequence
at org.openqa.selenium.remote.RemoteWebElement.sendKeys(RemoteWebElement.java:96)
at pages.GUIFormPage.enterName(GUIFormPage.java:24)
at StepDefinitions.FormSteps.I_fill_the_form_and_calendar_with_Excel_data(FormSteps.java:49)
at ✽.I fill the form and calendar with Excel data(file:///Users/adityapargunde/eclipse-workspace/TestAutomationPractiseFramework/src/test/java/cucumber/GUIFormPage.feature:5)
]]>
    </failure>
  </testcase> <!-- runScenario -->
</testsuite> <!-- Surefire test -->
