<?xml version="1.0" encoding="UTF-8"?>
<!-- Generated by org.testng.reporters.JUnitXMLReporter -->
<testsuite ignored="0" hostname="Adityas-MacBook-Pro.local" failures="0" tests="5" name="Default test" time="136.369" errors="0" timestamp="2025-09-05T16:46:32 IST">
  <testcase classname="testcase.LocatorsAndActionsPractise" name="fillFormAndSelectDate" time="13.868"/>
  <testcase classname="testcase.LocatorsAndActionsPractise" name="fillFormAndSelectDate" time="16.776"/>
  <testcase classname="testcase.LocatorsAndActionsPractise" name="fillFormAndSelectDate" time="16.93"/>
  <testcase classname="testcase.LocatorsAndActionsPractise" name="fillFormAndSelectDate" time="15.434"/>
  <testcase classname="testcase.LocatorsAndActionsPractise" name="fillFormAndSelectDate" time="24.682"/>
</testsuite> <!-- Default test -->
