<?xml version="1.0" encoding="UTF-8"?>
<testsuite xmlns:xsi="http://www.w3.org/2001/XMLSchema-instance" xsi:noNamespaceSchemaLocation="https://maven.apache.org/surefire/maven-surefire-plugin/xsd/surefire-test-report-3.0.xsd" version="3.0" name="cucumber.TestNGTestRunner" time="22.085" tests="1" errors="0" skipped="0" failures="1">
  <properties>
[...]
</properties>
  <testcase name="runScenario[&quot;Fill form and select date for calendar using Excel data&quot;, &quot;Form Submission with Data&quot;](1)" classname="cucumber.TestNGTestRunner" time="21.193">
    <failure message="Keys to send should be a not null CharSequence" type="java.lang.IllegalArgumentException"><![CDATA[java.lang.IllegalArgumentException: Keys to send should be a not null CharSequence
	at org.openqa.selenium.remote.RemoteWebElement.sendKeys(RemoteWebElement.java:96)
	at pages.GUIFormPage.enterName(GUIFormPage.java:24)
	at StepDefinitions.FormSteps.I_fill_the_form_and_calendar_with_Excel_data(FormSteps.java:49)
	at ✽.I fill the form and calendar with Excel data(file:///Users/adityapargunde/eclipse-workspace/TestAutomationPractiseFramework/src/test/java/cucumber/GUIFormPage.feature:5)
]]></failure>
    <system-out><![CDATA[
Scenario: Fill form and select date for calendar using Excel data # file:///Users/adityapargunde/eclipse-workspace/TestAutomationPractiseFramework/src/test/java/cucumber/GUIFormPage.feature:3
  ✔ Given i opened the automation practise website                # StepDefinitions.FormSteps.i_opened_the_automation_practise_website()
  ✘ When I fill the form and calendar with Excel data             # StepDefinitions.FormSteps.I_fill_the_form_and_calendar_with_Excel_data()
        java.lang.IllegalArgumentException: Keys to send should be a not null CharSequence
        	at org.openqa.selenium.remote.RemoteWebElement.sendKeys(RemoteWebElement.java:96)
        	at pages.GUIFormPage.enterName(GUIFormPage.java:24)
        	at StepDefinitions.FormSteps.I_fill_the_form_and_calendar_with_Excel_data(FormSteps.java:49)
        	at ✽.I fill the form and calendar with Excel data(file:///Users/adityapargunde/eclipse-workspace/TestAutomationPractiseFramework/src/test/java/cucumber/GUIFormPage.feature:5)
  ↷ And I perform mouse actions and alerts for all users
  ↷ Then Browser will close                                       # StepDefinitions.FormSteps.Browser_will_close()
]]></system-out>
    <system-err><![CDATA[SLF4J(W): No SLF4J providers were found.
SLF4J(W): Defaulting to no-operation (NOP) logger implementation
SLF4J(W): See https://www.slf4j.org/codes.html#noProviders for further details.
Sep 06, 2025 6:31:27 PM org.openqa.selenium.devtools.CdpVersionFinder findNearestMatch
WARNING: Unable to find an exact match for CDP version 140, returning the closest version; found: 137; Please update to a Selenium version that supports CDP version 140
ERROR StatusLogger Log4j2 could not find a logging implementation. Please add log4j-core to the classpath. Using SimpleLogger to log to the console...
]]></system-err>
  </testcase>
</testsuite>