<?xml version="1.0" encoding="UTF-8"?>
<testsuite xmlns:xsi="http://www.w3.org/2001/XMLSchema-instance" xsi:noNamespaceSchemaLocation="https://maven.apache.org/surefire/maven-surefire-plugin/xsd/surefire-test-report-3.0.xsd" version="3.0" name="testcase.LocatorsAndActionsPractise" time="103.427" tests="5" errors="0" skipped="0" failures="2">
  <properties>
[...]
</properties>
  <testcase name="fillFormAndSelectDate[Aditya, aditya@xyz.com, 1234, Pune, Male, India, Blue, Dog, Monday, Learn Selenium, Laptop, 15, August, 2025](1)" classname="testcase.LocatorsAndActionsPractise" time="11.052">
    <system-out><![CDATA[2025-09-05T12:16:58.848648Z main ERROR Log4j API could not find a logging provider.
Thread: 1 | Browser started for user: Aditya
✅ Test Run successful for -> Name: Aditya | Email: aditya@xyz.com | Phone: 1234 | Address: Pune | Gender: Male | Country: India | Colour: Blue | Animal: Dog | Day: Monday | Calendar Date: 15-August-2025 | Book: Learn Selenium | Product: Laptop
📚BookName: Learn Selenium, Author: Amit, Subject: Selenium, Price: 300
📦 Selected product: Laptop
Simple Alert OK Clicked - I am an alert box!
Confirmation Alert Text - Press a button!
Confirmation Alert Cancelled - You pressed Cancel!
Confirmation Alert Submitted - You pressed OK!
Prompt Alert - Please enter your name:
Prompt Alert Cancelled - User cancelled the prompt.
Prompt Alert Submitted - Hello Aditya! How are you today?
Total links: 8
http://www.deadlinkcity.com/error-page.asp?e=400 is a broken link.
http://www.deadlinkcity.com/error-page.asp?e=401 is a broken link.
http://www.deadlinkcity.com/error-page.asp?e=403 is a broken link.
http://www.deadlinkcity.com/error-page.asp?e=404 is a broken link.
http://www.deadlinkcity.com/error-page.asp?e=408 is a broken link.
http://www.deadlinkcity.com/error-page.asp?e=500 is a broken link.
http://www.deadlinkcity.com/error-page.asp?e=502 is a broken link.
http://www.deadlinkcity.com/error-page.asp?e=503 is a broken link.
]]></system-out>
    <system-err><![CDATA[SLF4J(W): No SLF4J providers were found.
SLF4J(W): Defaulting to no-operation (NOP) logger implementation
SLF4J(W): See https://www.slf4j.org/codes.html#noProviders for further details.
Sep 05, 2025 5:47:01 PM org.openqa.selenium.devtools.CdpVersionFinder findNearestMatch
WARNING: Unable to find an exact match for CDP version 140, returning the closest version; found: 139; Please update to a Selenium version that supports CDP version 140
]]></system-err>
  </testcase>
  <testcase name="fillFormAndSelectDate[Gauravi, gaura@busy.com, 3456, Uruli, Female, India, Red, Cat, Sunday, Learn JS, Action Camera, 20, September, 2024](2)" classname="testcase.LocatorsAndActionsPractise" time="5.473">
    <failure message="no such alert&#10;  (Session info: chrome=140.0.7339.80)&#10;Build info: version: &apos;4.35.0&apos;, revision: &apos;1c58e5028b&apos;&#10;System info: os.name: &apos;Mac OS X&apos;, os.arch: &apos;x86_64&apos;, os.version: &apos;15.4.1&apos;, java.version: &apos;23.0.2&apos;&#10;Driver info: org.openqa.selenium.chrome.ChromeDriver&#10;Command: [954c934c82487055697fd1dffded2af9, getAlertText {}]&#10;Capabilities {acceptInsecureCerts: false, browserName: chrome, browserVersion: 140.0.7339.80, chrome: {chromedriverVersion: 140.0.7339.80 (670b6f192f46..., userDataDir: /var/folders/fh/mrx4vbm562g...}, fedcm:accounts: true, goog:chromeOptions: {debuggerAddress: localhost:50498}, networkConnectionEnabled: false, pageLoadStrategy: normal, platformName: mac, proxy: Proxy(), se:cdp: ws://localhost:50498/devtoo..., se:cdpVersion: 140.0.7339.80, setWindowRect: true, strictFileInteractability: false, timeouts: {implicit: 0, pageLoad: 300000, script: 30000}, unhandledPromptBehavior: dismiss and notify, webauthn:extension:credBlob: true, webauthn:extension:largeBlob: true, webauthn:extension:minPinLength: true, webauthn:extension:prf: true, webauthn:virtualAuthenticators: true}&#10;Session ID: 954c934c82487055697fd1dffded2af9" type="org.openqa.selenium.NoAlertPresentException"><![CDATA[org.openqa.selenium.NoAlertPresentException: 
no such alert
  (Session info: chrome=140.0.7339.80)
Build info: version: '4.35.0', revision: '1c58e5028b'
System info: os.name: 'Mac OS X', os.arch: 'x86_64', os.version: '15.4.1', java.version: '23.0.2'
Driver info: org.openqa.selenium.chrome.ChromeDriver
Command: [954c934c82487055697fd1dffded2af9, getAlertText {}]
Capabilities {acceptInsecureCerts: false, browserName: chrome, browserVersion: 140.0.7339.80, chrome: {chromedriverVersion: 140.0.7339.80 (670b6f192f46..., userDataDir: /var/folders/fh/mrx4vbm562g...}, fedcm:accounts: true, goog:chromeOptions: {debuggerAddress: localhost:50498}, networkConnectionEnabled: false, pageLoadStrategy: normal, platformName: mac, proxy: Proxy(), se:cdp: ws://localhost:50498/devtoo..., se:cdpVersion: 140.0.7339.80, setWindowRect: true, strictFileInteractability: false, timeouts: {implicit: 0, pageLoad: 300000, script: 30000}, unhandledPromptBehavior: dismiss and notify, webauthn:extension:credBlob: true, webauthn:extension:largeBlob: true, webauthn:extension:minPinLength: true, webauthn:extension:prf: true, webauthn:virtualAuthenticators: true}
Session ID: 954c934c82487055697fd1dffded2af9
	at java.base/jdk.internal.reflect.DirectConstructorHandleAccessor.newInstance(DirectConstructorHandleAccessor.java:62)
	at java.base/java.lang.reflect.Constructor.newInstanceWithCaller(Constructor.java:501)
	at java.base/java.lang.reflect.Constructor.newInstance(Constructor.java:485)
	at org.openqa.selenium.remote.ErrorCodec.decode(ErrorCodec.java:167)
	at org.openqa.selenium.remote.codec.w3c.W3CHttpResponseCodec.decode(W3CHttpResponseCodec.java:138)
	at org.openqa.selenium.remote.codec.w3c.W3CHttpResponseCodec.decode(W3CHttpResponseCodec.java:50)
	at org.openqa.selenium.remote.HttpCommandExecutor.execute(HttpCommandExecutor.java:215)
	at org.openqa.selenium.remote.service.DriverCommandExecutor.invokeExecute(DriverCommandExecutor.java:216)
	at org.openqa.selenium.remote.service.DriverCommandExecutor.execute(DriverCommandExecutor.java:174)
	at org.openqa.selenium.remote.RemoteWebDriver.execute(RemoteWebDriver.java:557)
	at org.openqa.selenium.remote.RemoteWebDriver.execute(RemoteWebDriver.java:630)
	at org.openqa.selenium.remote.RemoteWebDriver.execute(RemoteWebDriver.java:634)
	at org.openqa.selenium.remote.RemoteWebDriver$RemoteTargetLocator.alert(RemoteWebDriver.java:1193)
	at pages.mouseActionsAtRightTabs.ConfirmationAlert(mouseActionsAtRightTabs.java:49)
	at testcase.LocatorsAndActionsPractise.fillFormAndSelectDate(LocatorsAndActionsPractise.java:64)
	at java.base/jdk.internal.reflect.DirectMethodHandleAccessor.invoke(DirectMethodHandleAccessor.java:103)
	at java.base/java.lang.reflect.Method.invoke(Method.java:580)
	at org.testng.internal.invokers.MethodInvocationHelper.invokeMethod(MethodInvocationHelper.java:141)
	at org.testng.internal.invokers.TestInvoker.invokeMethod(TestInvoker.java:687)
	at org.testng.internal.invokers.TestInvoker.invokeTestMethod(TestInvoker.java:230)
	at org.testng.internal.invokers.MethodRunner.runInSequence(MethodRunner.java:63)
	at org.testng.internal.invokers.TestInvoker$MethodInvocationAgent.invoke(TestInvoker.java:995)
	at org.testng.internal.invokers.TestInvoker.invokeTestMethods(TestInvoker.java:203)
	at org.testng.internal.invokers.TestMethodWorker.invokeTestMethods(TestMethodWorker.java:154)
	at org.testng.internal.invokers.TestMethodWorker.run(TestMethodWorker.java:134)
	at java.base/java.util.ArrayList.forEach(ArrayList.java:1597)
	at org.testng.TestRunner.privateRun(TestRunner.java:741)
	at org.testng.TestRunner.run(TestRunner.java:616)
	at org.testng.SuiteRunner.runTest(SuiteRunner.java:421)
	at org.testng.SuiteRunner.runSequentially(SuiteRunner.java:413)
	at org.testng.SuiteRunner.privateRun(SuiteRunner.java:373)
	at org.testng.SuiteRunner.run(SuiteRunner.java:312)
	at org.testng.SuiteRunnerWorker.runSuite(SuiteRunnerWorker.java:52)
	at org.testng.SuiteRunnerWorker.run(SuiteRunnerWorker.java:95)
	at org.testng.TestNG.runSuitesSequentially(TestNG.java:1274)
	at org.testng.TestNG.runSuitesLocally(TestNG.java:1208)
	at org.testng.TestNG.runSuites(TestNG.java:1112)
	at org.testng.TestNG.run(TestNG.java:1079)
	at org.apache.maven.surefire.testng.TestNGExecutor.run(TestNGExecutor.java:155)
	at org.apache.maven.surefire.testng.TestNGDirectoryTestSuite.executeSingleClass(TestNGDirectoryTestSuite.java:102)
	at org.apache.maven.surefire.testng.TestNGDirectoryTestSuite.execute(TestNGDirectoryTestSuite.java:91)
	at org.apache.maven.surefire.testng.TestNGProvider.invoke(TestNGProvider.java:137)
	at org.apache.maven.surefire.booter.ForkedBooter.runSuitesInProcess(ForkedBooter.java:385)
	at org.apache.maven.surefire.booter.ForkedBooter.execute(ForkedBooter.java:162)
	at org.apache.maven.surefire.booter.ForkedBooter.run(ForkedBooter.java:507)
	at org.apache.maven.surefire.booter.ForkedBooter.main(ForkedBooter.java:495)
]]></failure>
    <system-out><![CDATA[Thread: 1 | Browser started for user: Gauravi
✅ Test Run successful for -> Name: Gauravi | Email: gaura@busy.com | Phone: 3456 | Address: Uruli | Gender: Female | Country: India | Colour: Red | Animal: Cat | Day: Sunday | Calendar Date: 20-September-2024 | Book: Learn JS | Product: Action Camera
📚BookName: Learn JS, Author: Animesh, Subject: Javascript, Price: 300
📦 Selected product: Action Camera
Simple Alert OK Clicked - I am an alert box!
Confirmation Alert Text - Press a button!
Confirmation Alert Cancelled - You pressed Cancel!
]]></system-out>
    <system-err><![CDATA[Sep 05, 2025 5:47:20 PM org.openqa.selenium.devtools.CdpVersionFinder findNearestMatch
WARNING: Unable to find an exact match for CDP version 140, returning the closest version; found: 139; Please update to a Selenium version that supports CDP version 140
]]></system-err>
  </testcase>
  <testcase name="fillFormAndSelectDate[Rajan, rajan@test.com, 5678, Solapur, Male, India, Green, Giraffe, Tuesday, Master in Java, Fitness Tracker, 5, October, 2026](3)" classname="testcase.LocatorsAndActionsPractise" time="12.765">
    <system-out><![CDATA[Thread: 1 | Browser started for user: Rajan
✅ Test Run successful for -> Name: Rajan | Email: rajan@test.com | Phone: 5678 | Address: Solapur | Gender: Male | Country: India | Colour: Green | Animal: Giraffe | Day: Tuesday | Calendar Date: 5-October-2026 | Book: Master in Java | Product: Fitness Tracker
📚BookName: Master In Java, Author: Amod, Subject: JAVA, Price: 2000
📦 Selected product: Fitness Tracker
Simple Alert OK Clicked - I am an alert box!
Confirmation Alert Text - Press a button!
Confirmation Alert Cancelled - You pressed Cancel!
Confirmation Alert Submitted - You pressed OK!
Prompt Alert - Please enter your name:
Prompt Alert Cancelled - User cancelled the prompt.
Prompt Alert Submitted - Hello Rajan! How are you today?
Total links: 8
http://www.deadlinkcity.com/error-page.asp?e=400 is a broken link.
http://www.deadlinkcity.com/error-page.asp?e=401 is a broken link.
http://www.deadlinkcity.com/error-page.asp?e=403 is a broken link.
http://www.deadlinkcity.com/error-page.asp?e=404 is a broken link.
http://www.deadlinkcity.com/error-page.asp?e=408 is a broken link.
http://www.deadlinkcity.com/error-page.asp?e=500 is a broken link.
http://www.deadlinkcity.com/error-page.asp?e=502 is a broken link.
http://www.deadlinkcity.com/error-page.asp?e=503 is a broken link.
]]></system-out>
    <system-err><![CDATA[Sep 05, 2025 5:47:32 PM org.openqa.selenium.devtools.CdpVersionFinder findNearestMatch
WARNING: Unable to find an exact match for CDP version 140, returning the closest version; found: 139; Please update to a Selenium version that supports CDP version 140
]]></system-err>
  </testcase>
  <testcase name="fillFormAndSelectDate[Anita, test@example.com, 7890, SusGaon, Female, India, Yellow, Zebra, Friday, Learn Selenium, Wireless Mouse 20, 10, December, 2023](4)" classname="testcase.LocatorsAndActionsPractise" time="7.443">
    <failure message="no such alert&#10;  (Session info: chrome=140.0.7339.80)&#10;Build info: version: &apos;4.35.0&apos;, revision: &apos;1c58e5028b&apos;&#10;System info: os.name: &apos;Mac OS X&apos;, os.arch: &apos;x86_64&apos;, os.version: &apos;15.4.1&apos;, java.version: &apos;23.0.2&apos;&#10;Driver info: org.openqa.selenium.chrome.ChromeDriver&#10;Command: [8754cdadf7576ca1a71f8176c0388605, getAlertText {}]&#10;Capabilities {acceptInsecureCerts: false, browserName: chrome, browserVersion: 140.0.7339.80, chrome: {chromedriverVersion: 140.0.7339.80 (670b6f192f46..., userDataDir: /var/folders/fh/mrx4vbm562g...}, fedcm:accounts: true, goog:chromeOptions: {debuggerAddress: localhost:50586}, networkConnectionEnabled: false, pageLoadStrategy: normal, platformName: mac, proxy: Proxy(), se:cdp: ws://localhost:50586/devtoo..., se:cdpVersion: 140.0.7339.80, setWindowRect: true, strictFileInteractability: false, timeouts: {implicit: 0, pageLoad: 300000, script: 30000}, unhandledPromptBehavior: dismiss and notify, webauthn:extension:credBlob: true, webauthn:extension:largeBlob: true, webauthn:extension:minPinLength: true, webauthn:extension:prf: true, webauthn:virtualAuthenticators: true}&#10;Session ID: 8754cdadf7576ca1a71f8176c0388605" type="org.openqa.selenium.NoAlertPresentException"><![CDATA[org.openqa.selenium.NoAlertPresentException: 
no such alert
  (Session info: chrome=140.0.7339.80)
Build info: version: '4.35.0', revision: '1c58e5028b'
System info: os.name: 'Mac OS X', os.arch: 'x86_64', os.version: '15.4.1', java.version: '23.0.2'
Driver info: org.openqa.selenium.chrome.ChromeDriver
Command: [8754cdadf7576ca1a71f8176c0388605, getAlertText {}]
Capabilities {acceptInsecureCerts: false, browserName: chrome, browserVersion: 140.0.7339.80, chrome: {chromedriverVersion: 140.0.7339.80 (670b6f192f46..., userDataDir: /var/folders/fh/mrx4vbm562g...}, fedcm:accounts: true, goog:chromeOptions: {debuggerAddress: localhost:50586}, networkConnectionEnabled: false, pageLoadStrategy: normal, platformName: mac, proxy: Proxy(), se:cdp: ws://localhost:50586/devtoo..., se:cdpVersion: 140.0.7339.80, setWindowRect: true, strictFileInteractability: false, timeouts: {implicit: 0, pageLoad: 300000, script: 30000}, unhandledPromptBehavior: dismiss and notify, webauthn:extension:credBlob: true, webauthn:extension:largeBlob: true, webauthn:extension:minPinLength: true, webauthn:extension:prf: true, webauthn:virtualAuthenticators: true}
Session ID: 8754cdadf7576ca1a71f8176c0388605
	at java.base/jdk.internal.reflect.DirectConstructorHandleAccessor.newInstance(DirectConstructorHandleAccessor.java:62)
	at java.base/java.lang.reflect.Constructor.newInstanceWithCaller(Constructor.java:501)
	at java.base/java.lang.reflect.Constructor.newInstance(Constructor.java:485)
	at org.openqa.selenium.remote.ErrorCodec.decode(ErrorCodec.java:167)
	at org.openqa.selenium.remote.codec.w3c.W3CHttpResponseCodec.decode(W3CHttpResponseCodec.java:138)
	at org.openqa.selenium.remote.codec.w3c.W3CHttpResponseCodec.decode(W3CHttpResponseCodec.java:50)
	at org.openqa.selenium.remote.HttpCommandExecutor.execute(HttpCommandExecutor.java:215)
	at org.openqa.selenium.remote.service.DriverCommandExecutor.invokeExecute(DriverCommandExecutor.java:216)
	at org.openqa.selenium.remote.service.DriverCommandExecutor.execute(DriverCommandExecutor.java:174)
	at org.openqa.selenium.remote.RemoteWebDriver.execute(RemoteWebDriver.java:557)
	at org.openqa.selenium.remote.RemoteWebDriver.execute(RemoteWebDriver.java:630)
	at org.openqa.selenium.remote.RemoteWebDriver.execute(RemoteWebDriver.java:634)
	at org.openqa.selenium.remote.RemoteWebDriver$RemoteTargetLocator.alert(RemoteWebDriver.java:1193)
	at pages.mouseActionsAtRightTabs.ConfirmationAlert(mouseActionsAtRightTabs.java:49)
	at testcase.LocatorsAndActionsPractise.fillFormAndSelectDate(LocatorsAndActionsPractise.java:64)
	at java.base/jdk.internal.reflect.DirectMethodHandleAccessor.invoke(DirectMethodHandleAccessor.java:103)
	at java.base/java.lang.reflect.Method.invoke(Method.java:580)
	at org.testng.internal.invokers.MethodInvocationHelper.invokeMethod(MethodInvocationHelper.java:141)
	at org.testng.internal.invokers.TestInvoker.invokeMethod(TestInvoker.java:687)
	at org.testng.internal.invokers.TestInvoker.invokeTestMethod(TestInvoker.java:230)
	at org.testng.internal.invokers.MethodRunner.runInSequence(MethodRunner.java:63)
	at org.testng.internal.invokers.TestInvoker$MethodInvocationAgent.invoke(TestInvoker.java:995)
	at org.testng.internal.invokers.TestInvoker.invokeTestMethods(TestInvoker.java:203)
	at org.testng.internal.invokers.TestMethodWorker.invokeTestMethods(TestMethodWorker.java:154)
	at org.testng.internal.invokers.TestMethodWorker.run(TestMethodWorker.java:134)
	at java.base/java.util.ArrayList.forEach(ArrayList.java:1597)
	at org.testng.TestRunner.privateRun(TestRunner.java:741)
	at org.testng.TestRunner.run(TestRunner.java:616)
	at org.testng.SuiteRunner.runTest(SuiteRunner.java:421)
	at org.testng.SuiteRunner.runSequentially(SuiteRunner.java:413)
	at org.testng.SuiteRunner.privateRun(SuiteRunner.java:373)
	at org.testng.SuiteRunner.run(SuiteRunner.java:312)
	at org.testng.SuiteRunnerWorker.runSuite(SuiteRunnerWorker.java:52)
	at org.testng.SuiteRunnerWorker.run(SuiteRunnerWorker.java:95)
	at org.testng.TestNG.runSuitesSequentially(TestNG.java:1274)
	at org.testng.TestNG.runSuitesLocally(TestNG.java:1208)
	at org.testng.TestNG.runSuites(TestNG.java:1112)
	at org.testng.TestNG.run(TestNG.java:1079)
	at org.apache.maven.surefire.testng.TestNGExecutor.run(TestNGExecutor.java:155)
	at org.apache.maven.surefire.testng.TestNGDirectoryTestSuite.executeSingleClass(TestNGDirectoryTestSuite.java:102)
	at org.apache.maven.surefire.testng.TestNGDirectoryTestSuite.execute(TestNGDirectoryTestSuite.java:91)
	at org.apache.maven.surefire.testng.TestNGProvider.invoke(TestNGProvider.java:137)
	at org.apache.maven.surefire.booter.ForkedBooter.runSuitesInProcess(ForkedBooter.java:385)
	at org.apache.maven.surefire.booter.ForkedBooter.execute(ForkedBooter.java:162)
	at org.apache.maven.surefire.booter.ForkedBooter.run(ForkedBooter.java:507)
	at org.apache.maven.surefire.booter.ForkedBooter.main(ForkedBooter.java:495)
]]></failure>
    <system-out><![CDATA[Thread: 1 | Browser started for user: Anita
✅ Test Run successful for -> Name: Anita | Email: test@example.com | Phone: 7890 | Address: SusGaon | Gender: Female | Country: India | Colour: Yellow | Animal: Zebra | Day: Friday | Calendar Date: 10-December-2023 | Book: Learn Selenium | Product: Wireless Mouse 20
📚BookName: Learn Selenium, Author: Amit, Subject: Selenium, Price: 300
📦 Selected product: Wireless Mouse 20
Simple Alert OK Clicked - I am an alert box!
Confirmation Alert Text - Press a button!
Confirmation Alert Cancelled - You pressed Cancel!
]]></system-out>
    <system-err><![CDATA[Sep 05, 2025 5:47:53 PM org.openqa.selenium.devtools.CdpVersionFinder findNearestMatch
WARNING: Unable to find an exact match for CDP version 140, returning the closest version; found: 139; Please update to a Selenium version that supports CDP version 140
]]></system-err>
  </testcase>
  <testcase name="fillFormAndSelectDate[John Cena, john@cena.com, 987654321, United States of America, Male, United States, Blue, Elephant, Wednesday, Random book, Ye to Pata nahi, 10, July, 2027](5)" classname="testcase.LocatorsAndActionsPractise" time="26.351">
    <system-out><![CDATA[Thread: 1 | Browser started for user: John Cena
✅ Test Run successful for -> Name: John Cena | Email: john@cena.com | Phone: 987654321 | Address: United States of America | Gender: Male | Country: United States | Colour: Blue | Animal: Elephant | Day: Wednesday | Calendar Date: 10-July-2027 | Book: Random book | Product: Ye to Pata nahi
 Ye to Pata nahi not found in table after checking all pages.
Simple Alert OK Clicked - I am an alert box!
Confirmation Alert Text - Press a button!
Confirmation Alert Cancelled - You pressed Cancel!
Confirmation Alert Submitted - You pressed OK!
Prompt Alert - Please enter your name:
Prompt Alert Cancelled - User cancelled the prompt.
Prompt Alert Submitted - Hello John Cena! How are you today?
Total links: 8
http://www.deadlinkcity.com/error-page.asp?e=400 is a broken link.
http://www.deadlinkcity.com/error-page.asp?e=401 is a broken link.
http://www.deadlinkcity.com/error-page.asp?e=403 is a broken link.
http://www.deadlinkcity.com/error-page.asp?e=404 is a broken link.
http://www.deadlinkcity.com/error-page.asp?e=408 is a broken link.
http://www.deadlinkcity.com/error-page.asp?e=500 is a broken link.
http://www.deadlinkcity.com/error-page.asp?e=502 is a broken link.
http://www.deadlinkcity.com/error-page.asp?e=503 is a broken link.
]]></system-out>
    <system-err><![CDATA[Sep 05, 2025 5:48:08 PM org.openqa.selenium.devtools.CdpVersionFinder findNearestMatch
WARNING: Unable to find an exact match for CDP version 140, returning the closest version; found: 139; Please update to a Selenium version that supports CDP version 140
]]></system-err>
  </testcase>
</testsuite>