<?xml version="1.0" encoding="UTF-8"?>
<!-- Generated by org.testng.reporters.JUnitXMLReporter -->
<testsuite ignored="0" hostname="Adityas-MacBook-Pro.local" failures="1" tests="5" name="FormAndCalendarTests" time="142.242" errors="0" timestamp="2025-08-31T22:46:05 IST">
  <testcase classname="testcase.LocatorsAndActionsPractise" name="fillFormAndSelectDate" time="18.585"/>
  <testcase classname="testcase.LocatorsAndActionsPractise" name="fillFormAndSelectDate" time="16.235"/>
  <testcase classname="testcase.LocatorsAndActionsPractise" name="fillFormAndSelectDate" time="18.877"/>
  <testcase classname="testcase.LocatorsAndActionsPractise" name="fillFormAndSelectDate" time="11.516">
    <failure type="java.lang.AssertionError" message="expected [] but found [Hello World!]">
      <![CDATA[java.lang.AssertionError: expected [] but found [Hello World!]
at pages.mouseActionsAtRightTabs.copyText(mouseActionsAtRightTabs.java:95)
at testcase.LocatorsAndActionsPractise.fillFormAndSelectDate(LocatorsAndActionsPractise.java:62)
at java.base/java.util.concurrent.Executors$RunnableAdapter.call(Executors.java:572)
at java.base/java.util.concurrent.FutureTask.run(FutureTask.java:317)
at java.base/java.util.concurrent.ThreadPoolExecutor.runWorker(ThreadPoolExecutor.java:1144)
at java.base/java.util.concurrent.ThreadPoolExecutor$Worker.run(ThreadPoolExecutor.java:642)
at java.base/java.lang.Thread.run(Thread.java:1575)
... Removed 17 stack frames]]>
    </failure>
  </testcase> <!-- fillFormAndSelectDate -->
  <testcase classname="testcase.LocatorsAndActionsPractise" name="fillFormAndSelectDate" time="26.763"/>
</testsuite> <!-- FormAndCalendarTests -->
