<?xml version="1.0" encoding="UTF-8"?>
<testng-results ignored="0" total="4" passed="4" failed="0" skipped="0">
  <reporter-output>
  </reporter-output>
  <suite started-at="2025-08-29T20:06:24 IST" name="Automation Practise Test suite" finished-at="2025-08-29T20:07:41 IST" duration-ms="76613">
    <groups>
    </groups>
    <test started-at="2025-08-29T20:06:24 IST" name="Automation Practise Test" finished-at="2025-08-29T20:07:41 IST" duration-ms="76613">
      <class name="testcase.LocatorsAndActionsPractise">
        <test-method is-config="true" signature="setUp()[pri:0, instance:testcase.LocatorsAndActionsPractise@3cd3e762]" started-at="2025-08-29T20:06:25 IST" name="setUp" finished-at="2025-08-29T20:06:33 IST" duration-ms="8489" status="PASS">
          <reporter-output>
          </reporter-output>
        </test-method> <!-- setUp -->
        <test-method signature="fillFormAndSelectDate(java.lang.String,java.lang.String,java.lang.String,java.lang.String,java.lang.String,java.lang.String,java.lang.String,java.lang.String,java.lang.String,java.lang.String,java.lang.String,java.lang.String)[pri:0, instance:testcase.LocatorsAndActionsPractise@3cd3e762]" started-at="2025-08-29T20:06:33 IST" name="fillFormAndSelectDate" data-provider="FormCalendarData" finished-at="2025-08-29T20:06:37 IST" duration-ms="4055" status="PASS">
          <params>
            <param index="0">
              <value>
                <![CDATA[Aditya]]>
              </value>
            </param>
            <param index="1">
              <value>
                <![CDATA[aditya@xyz.com]]>
              </value>
            </param>
            <param index="2">
              <value>
                <![CDATA[1234]]>
              </value>
            </param>
            <param index="3">
              <value>
                <![CDATA[Pune]]>
              </value>
            </param>
            <param index="4">
              <value>
                <![CDATA[Male]]>
              </value>
            </param>
            <param index="5">
              <value>
                <![CDATA[India]]>
              </value>
            </param>
            <param index="6">
              <value>
                <![CDATA[Blue]]>
              </value>
            </param>
            <param index="7">
              <value>
                <![CDATA[Dog]]>
              </value>
            </param>
            <param index="8">
              <value>
                <![CDATA[Monday]]>
              </value>
            </param>
            <param index="9">
              <value>
                <![CDATA[15]]>
              </value>
            </param>
            <param index="10">
              <value>
                <![CDATA[August]]>
              </value>
            </param>
            <param index="11">
              <value>
                <![CDATA[2025]]>
              </value>
            </param>
          </params>
          <reporter-output>
          </reporter-output>
        </test-method> <!-- fillFormAndSelectDate -->
        <test-method is-config="true" signature="tearDown()[pri:0, instance:testcase.LocatorsAndActionsPractise@3cd3e762]" started-at="2025-08-29T20:06:37 IST" name="tearDown" finished-at="2025-08-29T20:06:37 IST" duration-ms="135" status="PASS">
          <reporter-output>
          </reporter-output>
        </test-method> <!-- tearDown -->
        <test-method is-config="true" signature="setUp()[pri:0, instance:testcase.LocatorsAndActionsPractise@3cd3e762]" started-at="2025-08-29T20:06:37 IST" name="setUp" finished-at="2025-08-29T20:06:45 IST" duration-ms="7713" status="PASS">
          <reporter-output>
          </reporter-output>
        </test-method> <!-- setUp -->
        <test-method signature="fillFormAndSelectDate(java.lang.String,java.lang.String,java.lang.String,java.lang.String,java.lang.String,java.lang.String,java.lang.String,java.lang.String,java.lang.String,java.lang.String,java.lang.String,java.lang.String)[pri:0, instance:testcase.LocatorsAndActionsPractise@3cd3e762]" started-at="2025-08-29T20:06:45 IST" name="fillFormAndSelectDate" data-provider="FormCalendarData" finished-at="2025-08-29T20:06:56 IST" duration-ms="10358" status="PASS">
          <params>
            <param index="0">
              <value>
                <![CDATA[Gauravi]]>
              </value>
            </param>
            <param index="1">
              <value>
                <![CDATA[gaura@busy.com]]>
              </value>
            </param>
            <param index="2">
              <value>
                <![CDATA[3456]]>
              </value>
            </param>
            <param index="3">
              <value>
                <![CDATA[Uruli]]>
              </value>
            </param>
            <param index="4">
              <value>
                <![CDATA[Female]]>
              </value>
            </param>
            <param index="5">
              <value>
                <![CDATA[India]]>
              </value>
            </param>
            <param index="6">
              <value>
                <![CDATA[Red]]>
              </value>
            </param>
            <param index="7">
              <value>
                <![CDATA[Cat]]>
              </value>
            </param>
            <param index="8">
              <value>
                <![CDATA[Sunday]]>
              </value>
            </param>
            <param index="9">
              <value>
                <![CDATA[20]]>
              </value>
            </param>
            <param index="10">
              <value>
                <![CDATA[September]]>
              </value>
            </param>
            <param index="11">
              <value>
                <![CDATA[2024]]>
              </value>
            </param>
          </params>
          <reporter-output>
          </reporter-output>
        </test-method> <!-- fillFormAndSelectDate -->
        <test-method is-config="true" signature="tearDown()[pri:0, instance:testcase.LocatorsAndActionsPractise@3cd3e762]" started-at="2025-08-29T20:06:56 IST" name="tearDown" finished-at="2025-08-29T20:06:56 IST" duration-ms="151" status="PASS">
          <reporter-output>
          </reporter-output>
        </test-method> <!-- tearDown -->
        <test-method is-config="true" signature="setUp()[pri:0, instance:testcase.LocatorsAndActionsPractise@3cd3e762]" started-at="2025-08-29T20:06:56 IST" name="setUp" finished-at="2025-08-29T20:07:04 IST" duration-ms="8634" status="PASS">
          <reporter-output>
          </reporter-output>
        </test-method> <!-- setUp -->
        <test-method signature="fillFormAndSelectDate(java.lang.String,java.lang.String,java.lang.String,java.lang.String,java.lang.String,java.lang.String,java.lang.String,java.lang.String,java.lang.String,java.lang.String,java.lang.String,java.lang.String)[pri:0, instance:testcase.LocatorsAndActionsPractise@3cd3e762]" started-at="2025-08-29T20:07:04 IST" name="fillFormAndSelectDate" data-provider="FormCalendarData" finished-at="2025-08-29T20:07:16 IST" duration-ms="12003" status="PASS">
          <params>
            <param index="0">
              <value>
                <![CDATA[Rajan]]>
              </value>
            </param>
            <param index="1">
              <value>
                <![CDATA[rajan@test.com]]>
              </value>
            </param>
            <param index="2">
              <value>
                <![CDATA[5678]]>
              </value>
            </param>
            <param index="3">
              <value>
                <![CDATA[Solapur]]>
              </value>
            </param>
            <param index="4">
              <value>
                <![CDATA[Male]]>
              </value>
            </param>
            <param index="5">
              <value>
                <![CDATA[India]]>
              </value>
            </param>
            <param index="6">
              <value>
                <![CDATA[Green]]>
              </value>
            </param>
            <param index="7">
              <value>
                <![CDATA[Giraffe]]>
              </value>
            </param>
            <param index="8">
              <value>
                <![CDATA[Tuesday]]>
              </value>
            </param>
            <param index="9">
              <value>
                <![CDATA[05]]>
              </value>
            </param>
            <param index="10">
              <value>
                <![CDATA[October]]>
              </value>
            </param>
            <param index="11">
              <value>
                <![CDATA[2026]]>
              </value>
            </param>
          </params>
          <reporter-output>
          </reporter-output>
        </test-method> <!-- fillFormAndSelectDate -->
        <test-method is-config="true" signature="tearDown()[pri:0, instance:testcase.LocatorsAndActionsPractise@3cd3e762]" started-at="2025-08-29T20:07:16 IST" name="tearDown" finished-at="2025-08-29T20:07:16 IST" duration-ms="135" status="PASS">
          <reporter-output>
          </reporter-output>
        </test-method> <!-- tearDown -->
        <test-method is-config="true" signature="setUp()[pri:0, instance:testcase.LocatorsAndActionsPractise@3cd3e762]" started-at="2025-08-29T20:07:16 IST" name="setUp" finished-at="2025-08-29T20:07:25 IST" duration-ms="8461" status="PASS">
          <reporter-output>
          </reporter-output>
        </test-method> <!-- setUp -->
        <test-method signature="fillFormAndSelectDate(java.lang.String,java.lang.String,java.lang.String,java.lang.String,java.lang.String,java.lang.String,java.lang.String,java.lang.String,java.lang.String,java.lang.String,java.lang.String,java.lang.String)[pri:0, instance:testcase.LocatorsAndActionsPractise@3cd3e762]" started-at="2025-08-29T20:07:25 IST" name="fillFormAndSelectDate" data-provider="FormCalendarData" finished-at="2025-08-29T20:07:40 IST" duration-ms="15516" status="PASS">
          <params>
            <param index="0">
              <value>
                <![CDATA[Anita]]>
              </value>
            </param>
            <param index="1">
              <value>
                <![CDATA[test@example.com]]>
              </value>
            </param>
            <param index="2">
              <value>
                <![CDATA[7890]]>
              </value>
            </param>
            <param index="3">
              <value>
                <![CDATA[SusGaon]]>
              </value>
            </param>
            <param index="4">
              <value>
                <![CDATA[Female]]>
              </value>
            </param>
            <param index="5">
              <value>
                <![CDATA[India]]>
              </value>
            </param>
            <param index="6">
              <value>
                <![CDATA[Yellow]]>
              </value>
            </param>
            <param index="7">
              <value>
                <![CDATA[Zebra]]>
              </value>
            </param>
            <param index="8">
              <value>
                <![CDATA[Friday]]>
              </value>
            </param>
            <param index="9">
              <value>
                <![CDATA[10]]>
              </value>
            </param>
            <param index="10">
              <value>
                <![CDATA[December]]>
              </value>
            </param>
            <param index="11">
              <value>
                <![CDATA[2023]]>
              </value>
            </param>
          </params>
          <reporter-output>
          </reporter-output>
        </test-method> <!-- fillFormAndSelectDate -->
        <test-method is-config="true" signature="tearDown()[pri:0, instance:testcase.LocatorsAndActionsPractise@3cd3e762]" started-at="2025-08-29T20:07:40 IST" name="tearDown" finished-at="2025-08-29T20:07:41 IST" duration-ms="144" status="PASS">
          <reporter-output>
          </reporter-output>
        </test-method> <!-- tearDown -->
      </class> <!-- testcase.LocatorsAndActionsPractise -->
    </test> <!-- Automation Practise Test -->
  </suite> <!-- Automation Practise Test suite -->
</testng-results>
