<?xml version="1.0" encoding="UTF-8"?>
<testng-results ignored="0" total="5" passed="5" failed="0" skipped="0">
  <reporter-output>
  </reporter-output>
  <suite started-at="2025-08-30T14:25:03 IST" name="Default suite" finished-at="2025-08-30T14:25:55 IST" duration-ms="52137">
    <groups>
    </groups>
    <test started-at="2025-08-30T14:25:03 IST" name="Default test" finished-at="2025-08-30T14:25:55 IST" duration-ms="52137">
      <class name="testcase.LocatorsAndActionsPractise">
        <test-method is-config="true" signature="setUp()[pri:0, instance:testcase.LocatorsAndActionsPractise@6ad82709]" started-at="2025-08-30T14:25:04 IST" name="setUp" finished-at="2025-08-30T14:25:11 IST" duration-ms="7554" status="PASS">
          <reporter-output>
          </reporter-output>
        </test-method> <!-- setUp -->
        <test-method signature="fillFormAndSelectDate(java.lang.String,java.lang.String,java.lang.String,java.lang.String,java.lang.String,java.lang.String,java.lang.String,java.lang.String,java.lang.String,java.lang.String,java.lang.String,java.lang.String,java.lang.String,java.lang.String)[pri:0, instance:testcase.LocatorsAndActionsPractise@6ad82709]" started-at="2025-08-30T14:25:11 IST" name="fillFormAndSelectDate" data-provider="FormCalendarData" finished-at="2025-08-30T14:25:13 IST" duration-ms="1389" status="PASS">
          <params>
            <param index="0">
              <value>
                <![CDATA[Aditya]]>
              </value>
            </param>
            <param index="1">
              <value>
                <![CDATA[aditya@xyz.com]]>
              </value>
            </param>
            <param index="2">
              <value>
                <![CDATA[1234]]>
              </value>
            </param>
            <param index="3">
              <value>
                <![CDATA[Pune]]>
              </value>
            </param>
            <param index="4">
              <value>
                <![CDATA[Male]]>
              </value>
            </param>
            <param index="5">
              <value>
                <![CDATA[India]]>
              </value>
            </param>
            <param index="6">
              <value>
                <![CDATA[Blue]]>
              </value>
            </param>
            <param index="7">
              <value>
                <![CDATA[Dog]]>
              </value>
            </param>
            <param index="8">
              <value>
                <![CDATA[Monday]]>
              </value>
            </param>
            <param index="9">
              <value>
                <![CDATA[Learn Selenium]]>
              </value>
            </param>
            <param index="10">
              <value>
                <![CDATA[Laptop]]>
              </value>
            </param>
            <param index="11">
              <value>
                <![CDATA[15]]>
              </value>
            </param>
            <param index="12">
              <value>
                <![CDATA[August]]>
              </value>
            </param>
            <param index="13">
              <value>
                <![CDATA[2025]]>
              </value>
            </param>
          </params>
          <reporter-output>
          </reporter-output>
        </test-method> <!-- fillFormAndSelectDate -->
        <test-method is-config="true" signature="tearDown()[pri:0, instance:testcase.LocatorsAndActionsPractise@6ad82709]" started-at="2025-08-30T14:25:13 IST" name="tearDown" finished-at="2025-08-30T14:25:13 IST" duration-ms="134" status="PASS">
          <reporter-output>
          </reporter-output>
        </test-method> <!-- tearDown -->
        <test-method is-config="true" signature="setUp()[pri:0, instance:testcase.LocatorsAndActionsPractise@6ad82709]" started-at="2025-08-30T14:25:13 IST" name="setUp" finished-at="2025-08-30T14:25:22 IST" duration-ms="8844" status="PASS">
          <reporter-output>
          </reporter-output>
        </test-method> <!-- setUp -->
        <test-method signature="fillFormAndSelectDate(java.lang.String,java.lang.String,java.lang.String,java.lang.String,java.lang.String,java.lang.String,java.lang.String,java.lang.String,java.lang.String,java.lang.String,java.lang.String,java.lang.String,java.lang.String,java.lang.String)[pri:0, instance:testcase.LocatorsAndActionsPractise@6ad82709]" started-at="2025-08-30T14:25:22 IST" name="fillFormAndSelectDate" data-provider="FormCalendarData" finished-at="2025-08-30T14:25:24 IST" duration-ms="2331" status="PASS">
          <params>
            <param index="0">
              <value>
                <![CDATA[Gauravi]]>
              </value>
            </param>
            <param index="1">
              <value>
                <![CDATA[gaura@busy.com]]>
              </value>
            </param>
            <param index="2">
              <value>
                <![CDATA[3456]]>
              </value>
            </param>
            <param index="3">
              <value>
                <![CDATA[Uruli]]>
              </value>
            </param>
            <param index="4">
              <value>
                <![CDATA[Female]]>
              </value>
            </param>
            <param index="5">
              <value>
                <![CDATA[India]]>
              </value>
            </param>
            <param index="6">
              <value>
                <![CDATA[Red]]>
              </value>
            </param>
            <param index="7">
              <value>
                <![CDATA[Cat]]>
              </value>
            </param>
            <param index="8">
              <value>
                <![CDATA[Sunday]]>
              </value>
            </param>
            <param index="9">
              <value>
                <![CDATA[Learn JS]]>
              </value>
            </param>
            <param index="10">
              <value>
                <![CDATA[Action Camera]]>
              </value>
            </param>
            <param index="11">
              <value>
                <![CDATA[20]]>
              </value>
            </param>
            <param index="12">
              <value>
                <![CDATA[September]]>
              </value>
            </param>
            <param index="13">
              <value>
                <![CDATA[2024]]>
              </value>
            </param>
          </params>
          <reporter-output>
          </reporter-output>
        </test-method> <!-- fillFormAndSelectDate -->
        <test-method is-config="true" signature="tearDown()[pri:0, instance:testcase.LocatorsAndActionsPractise@6ad82709]" started-at="2025-08-30T14:25:24 IST" name="tearDown" finished-at="2025-08-30T14:25:24 IST" duration-ms="115" status="PASS">
          <reporter-output>
          </reporter-output>
        </test-method> <!-- tearDown -->
        <test-method is-config="true" signature="setUp()[pri:0, instance:testcase.LocatorsAndActionsPractise@6ad82709]" started-at="2025-08-30T14:25:24 IST" name="setUp" finished-at="2025-08-30T14:25:30 IST" duration-ms="5911" status="PASS">
          <reporter-output>
          </reporter-output>
        </test-method> <!-- setUp -->
        <test-method signature="fillFormAndSelectDate(java.lang.String,java.lang.String,java.lang.String,java.lang.String,java.lang.String,java.lang.String,java.lang.String,java.lang.String,java.lang.String,java.lang.String,java.lang.String,java.lang.String,java.lang.String,java.lang.String)[pri:0, instance:testcase.LocatorsAndActionsPractise@6ad82709]" started-at="2025-08-30T14:25:30 IST" name="fillFormAndSelectDate" data-provider="FormCalendarData" finished-at="2025-08-30T14:25:33 IST" duration-ms="3091" status="PASS">
          <params>
            <param index="0">
              <value>
                <![CDATA[Rajan]]>
              </value>
            </param>
            <param index="1">
              <value>
                <![CDATA[rajan@test.com]]>
              </value>
            </param>
            <param index="2">
              <value>
                <![CDATA[5678]]>
              </value>
            </param>
            <param index="3">
              <value>
                <![CDATA[Solapur]]>
              </value>
            </param>
            <param index="4">
              <value>
                <![CDATA[Male]]>
              </value>
            </param>
            <param index="5">
              <value>
                <![CDATA[India]]>
              </value>
            </param>
            <param index="6">
              <value>
                <![CDATA[Green]]>
              </value>
            </param>
            <param index="7">
              <value>
                <![CDATA[Giraffe]]>
              </value>
            </param>
            <param index="8">
              <value>
                <![CDATA[Tuesday]]>
              </value>
            </param>
            <param index="9">
              <value>
                <![CDATA[Master in Java]]>
              </value>
            </param>
            <param index="10">
              <value>
                <![CDATA[Fitness Tracker]]>
              </value>
            </param>
            <param index="11">
              <value>
                <![CDATA[5]]>
              </value>
            </param>
            <param index="12">
              <value>
                <![CDATA[October]]>
              </value>
            </param>
            <param index="13">
              <value>
                <![CDATA[2026]]>
              </value>
            </param>
          </params>
          <reporter-output>
          </reporter-output>
        </test-method> <!-- fillFormAndSelectDate -->
        <test-method is-config="true" signature="tearDown()[pri:0, instance:testcase.LocatorsAndActionsPractise@6ad82709]" started-at="2025-08-30T14:25:33 IST" name="tearDown" finished-at="2025-08-30T14:25:33 IST" duration-ms="125" status="PASS">
          <reporter-output>
          </reporter-output>
        </test-method> <!-- tearDown -->
        <test-method is-config="true" signature="setUp()[pri:0, instance:testcase.LocatorsAndActionsPractise@6ad82709]" started-at="2025-08-30T14:25:33 IST" name="setUp" finished-at="2025-08-30T14:25:40 IST" duration-ms="6620" status="PASS">
          <reporter-output>
          </reporter-output>
        </test-method> <!-- setUp -->
        <test-method signature="fillFormAndSelectDate(java.lang.String,java.lang.String,java.lang.String,java.lang.String,java.lang.String,java.lang.String,java.lang.String,java.lang.String,java.lang.String,java.lang.String,java.lang.String,java.lang.String,java.lang.String,java.lang.String)[pri:0, instance:testcase.LocatorsAndActionsPractise@6ad82709]" started-at="2025-08-30T14:25:40 IST" name="fillFormAndSelectDate" data-provider="FormCalendarData" finished-at="2025-08-30T14:25:44 IST" duration-ms="3658" status="PASS">
          <params>
            <param index="0">
              <value>
                <![CDATA[Anita]]>
              </value>
            </param>
            <param index="1">
              <value>
                <![CDATA[test@example.com]]>
              </value>
            </param>
            <param index="2">
              <value>
                <![CDATA[7890]]>
              </value>
            </param>
            <param index="3">
              <value>
                <![CDATA[SusGaon]]>
              </value>
            </param>
            <param index="4">
              <value>
                <![CDATA[Female]]>
              </value>
            </param>
            <param index="5">
              <value>
                <![CDATA[India]]>
              </value>
            </param>
            <param index="6">
              <value>
                <![CDATA[Yellow]]>
              </value>
            </param>
            <param index="7">
              <value>
                <![CDATA[Zebra]]>
              </value>
            </param>
            <param index="8">
              <value>
                <![CDATA[Friday]]>
              </value>
            </param>
            <param index="9">
              <value>
                <![CDATA[Learn Selenium]]>
              </value>
            </param>
            <param index="10">
              <value>
                <![CDATA[Wireless Mouse 20]]>
              </value>
            </param>
            <param index="11">
              <value>
                <![CDATA[10]]>
              </value>
            </param>
            <param index="12">
              <value>
                <![CDATA[December]]>
              </value>
            </param>
            <param index="13">
              <value>
                <![CDATA[2023]]>
              </value>
            </param>
          </params>
          <reporter-output>
          </reporter-output>
        </test-method> <!-- fillFormAndSelectDate -->
        <test-method is-config="true" signature="tearDown()[pri:0, instance:testcase.LocatorsAndActionsPractise@6ad82709]" started-at="2025-08-30T14:25:44 IST" name="tearDown" finished-at="2025-08-30T14:25:44 IST" duration-ms="121" status="PASS">
          <reporter-output>
          </reporter-output>
        </test-method> <!-- tearDown -->
        <test-method is-config="true" signature="setUp()[pri:0, instance:testcase.LocatorsAndActionsPractise@6ad82709]" started-at="2025-08-30T14:25:44 IST" name="setUp" finished-at="2025-08-30T14:25:52 IST" duration-ms="8127" status="PASS">
          <reporter-output>
          </reporter-output>
        </test-method> <!-- setUp -->
        <test-method signature="fillFormAndSelectDate(java.lang.String,java.lang.String,java.lang.String,java.lang.String,java.lang.String,java.lang.String,java.lang.String,java.lang.String,java.lang.String,java.lang.String,java.lang.String,java.lang.String,java.lang.String,java.lang.String)[pri:0, instance:testcase.LocatorsAndActionsPractise@6ad82709]" started-at="2025-08-30T14:25:52 IST" name="fillFormAndSelectDate" data-provider="FormCalendarData" finished-at="2025-08-30T14:25:55 IST" duration-ms="3326" status="PASS">
          <params>
            <param index="0">
              <value>
                <![CDATA[John Cena]]>
              </value>
            </param>
            <param index="1">
              <value>
                <![CDATA[john@cena.com]]>
              </value>
            </param>
            <param index="2">
              <value>
                <![CDATA[987654321]]>
              </value>
            </param>
            <param index="3">
              <value>
                <![CDATA[United States of America]]>
              </value>
            </param>
            <param index="4">
              <value>
                <![CDATA[Male]]>
              </value>
            </param>
            <param index="5">
              <value>
                <![CDATA[United States]]>
              </value>
            </param>
            <param index="6">
              <value>
                <![CDATA[Blue]]>
              </value>
            </param>
            <param index="7">
              <value>
                <![CDATA[Elephant]]>
              </value>
            </param>
            <param index="8">
              <value>
                <![CDATA[Wednesday]]>
              </value>
            </param>
            <param index="9">
              <value>
                <![CDATA[Random book]]>
              </value>
            </param>
            <param index="10">
              <value>
                <![CDATA[Ye to Pata nahi]]>
              </value>
            </param>
            <param index="11">
              <value>
                <![CDATA[10]]>
              </value>
            </param>
            <param index="12">
              <value>
                <![CDATA[July]]>
              </value>
            </param>
            <param index="13">
              <value>
                <![CDATA[2027]]>
              </value>
            </param>
          </params>
          <reporter-output>
          </reporter-output>
        </test-method> <!-- fillFormAndSelectDate -->
        <test-method is-config="true" signature="tearDown()[pri:0, instance:testcase.LocatorsAndActionsPractise@6ad82709]" started-at="2025-08-30T14:25:55 IST" name="tearDown" finished-at="2025-08-30T14:25:55 IST" duration-ms="110" status="PASS">
          <reporter-output>
          </reporter-output>
        </test-method> <!-- tearDown -->
      </class> <!-- testcase.LocatorsAndActionsPractise -->
    </test> <!-- Default test -->
  </suite> <!-- Default suite -->
</testng-results>
