<?xml version="1.0" encoding="UTF-8"?>
<!-- Generated by org.testng.reporters.JUnitXMLReporter -->
<testsuite ignored="0" hostname="Adityas-MacBook-Pro.local" failures="0" tests="5" name="Automation Practise Test" time="103.449" errors="0" timestamp="2025-08-30T19:24:06 IST">
  <testcase classname="testcase.LocatorsAndActionsPractise" name="fillFormAndSelectDate" time="12.079"/>
  <testcase classname="testcase.LocatorsAndActionsPractise" name="fillFormAndSelectDate" time="12.471"/>
  <testcase classname="testcase.LocatorsAndActionsPractise" name="fillFormAndSelectDate" time="13.713"/>
  <testcase classname="testcase.LocatorsAndActionsPractise" name="fillFormAndSelectDate" time="15.187"/>
  <testcase classname="testcase.LocatorsAndActionsPractise" name="fillFormAndSelectDate" time="12.684"/>
</testsuite> <!-- Automation Practise Test -->
