<?xml version="1.0" encoding="UTF-8"?>
<!-- Generated by org.testng.reporters.JUnitXMLReporter -->
<testsuite ignored="0" hostname="Adityas-MacBook-Pro.local" failures="4" tests="4" name="Automation Practise Test" time="35.516" errors="0" timestamp="2025-08-29T19:38:29 IST">
  <testcase classname="testcase.LocatorsAndActionsPractise" name="fillFormAndSelectDate" time="0.57">
    <failure type="org.openqa.selenium.NoSuchElementException" message="Cannot locate option with text: Blue
For documentation on this error, please visit: https://www.selenium.dev/documentation/webdriver/troubleshooting/errors#no-such-element-exception
Build info: version: &amp;apos;4.35.0&amp;apos;, revision: &amp;apos;1c58e5028b&amp;apos;
System info: os.name: &amp;apos;Mac OS X&amp;apos;, os.arch: &amp;apos;x86_64&amp;apos;, os.version: &amp;apos;15.4.1&amp;apos;, java.version: &amp;apos;23.0.2&amp;apos;
Driver info: driver.version: unknown">
      <![CDATA[org.openqa.selenium.NoSuchElementException: Cannot locate option with text: Blue
For documentation on this error, please visit: https://www.selenium.dev/documentation/webdriver/troubleshooting/errors#no-such-element-exception
Build info: version: '4.35.0', revision: '1c58e5028b'
System info: os.name: 'Mac OS X', os.arch: 'x86_64', os.version: '15.4.1', java.version: '23.0.2'
Driver info: driver.version: unknown
at org.openqa.selenium.support.ui.Select.selectByVisibleText(Select.java:167)
at pages.GUIFormPage.selectCountry(GUIFormPage.java:103)
at testcase.LocatorsAndActionsPractise.fillFormAndSelectDate(LocatorsAndActionsPractise.java:30)
at java.base/java.util.ArrayList.forEach(ArrayList.java:1597)
... Removed 25 stack frames]]>
    </failure>
  </testcase> <!-- fillFormAndSelectDate -->
  <testcase classname="testcase.LocatorsAndActionsPractise" name="fillFormAndSelectDate" time="0.463">
    <failure type="org.openqa.selenium.NoSuchElementException" message="Cannot locate option with text: Red
For documentation on this error, please visit: https://www.selenium.dev/documentation/webdriver/troubleshooting/errors#no-such-element-exception
Build info: version: &amp;apos;4.35.0&amp;apos;, revision: &amp;apos;1c58e5028b&amp;apos;
System info: os.name: &amp;apos;Mac OS X&amp;apos;, os.arch: &amp;apos;x86_64&amp;apos;, os.version: &amp;apos;15.4.1&amp;apos;, java.version: &amp;apos;23.0.2&amp;apos;
Driver info: driver.version: unknown">
      <![CDATA[org.openqa.selenium.NoSuchElementException: Cannot locate option with text: Red
For documentation on this error, please visit: https://www.selenium.dev/documentation/webdriver/troubleshooting/errors#no-such-element-exception
Build info: version: '4.35.0', revision: '1c58e5028b'
System info: os.name: 'Mac OS X', os.arch: 'x86_64', os.version: '15.4.1', java.version: '23.0.2'
Driver info: driver.version: unknown
at org.openqa.selenium.support.ui.Select.selectByVisibleText(Select.java:167)
at pages.GUIFormPage.selectCountry(GUIFormPage.java:103)
at testcase.LocatorsAndActionsPractise.fillFormAndSelectDate(LocatorsAndActionsPractise.java:30)
at java.base/java.util.ArrayList.forEach(ArrayList.java:1597)
... Removed 25 stack frames]]>
    </failure>
  </testcase> <!-- fillFormAndSelectDate -->
  <testcase classname="testcase.LocatorsAndActionsPractise" name="fillFormAndSelectDate" time="0.422">
    <failure type="org.openqa.selenium.NoSuchElementException" message="Cannot locate option with text: Green
For documentation on this error, please visit: https://www.selenium.dev/documentation/webdriver/troubleshooting/errors#no-such-element-exception
Build info: version: &amp;apos;4.35.0&amp;apos;, revision: &amp;apos;1c58e5028b&amp;apos;
System info: os.name: &amp;apos;Mac OS X&amp;apos;, os.arch: &amp;apos;x86_64&amp;apos;, os.version: &amp;apos;15.4.1&amp;apos;, java.version: &amp;apos;23.0.2&amp;apos;
Driver info: driver.version: unknown">
      <![CDATA[org.openqa.selenium.NoSuchElementException: Cannot locate option with text: Green
For documentation on this error, please visit: https://www.selenium.dev/documentation/webdriver/troubleshooting/errors#no-such-element-exception
Build info: version: '4.35.0', revision: '1c58e5028b'
System info: os.name: 'Mac OS X', os.arch: 'x86_64', os.version: '15.4.1', java.version: '23.0.2'
Driver info: driver.version: unknown
at org.openqa.selenium.support.ui.Select.selectByVisibleText(Select.java:167)
at pages.GUIFormPage.selectCountry(GUIFormPage.java:103)
at testcase.LocatorsAndActionsPractise.fillFormAndSelectDate(LocatorsAndActionsPractise.java:30)
at java.base/java.util.ArrayList.forEach(ArrayList.java:1597)
... Removed 25 stack frames]]>
    </failure>
  </testcase> <!-- fillFormAndSelectDate -->
  <testcase classname="testcase.LocatorsAndActionsPractise" name="fillFormAndSelectDate" time="0.434">
    <failure type="org.openqa.selenium.NoSuchElementException" message="Cannot locate option with text: Yellow
For documentation on this error, please visit: https://www.selenium.dev/documentation/webdriver/troubleshooting/errors#no-such-element-exception
Build info: version: &amp;apos;4.35.0&amp;apos;, revision: &amp;apos;1c58e5028b&amp;apos;
System info: os.name: &amp;apos;Mac OS X&amp;apos;, os.arch: &amp;apos;x86_64&amp;apos;, os.version: &amp;apos;15.4.1&amp;apos;, java.version: &amp;apos;23.0.2&amp;apos;
Driver info: driver.version: unknown">
      <![CDATA[org.openqa.selenium.NoSuchElementException: Cannot locate option with text: Yellow
For documentation on this error, please visit: https://www.selenium.dev/documentation/webdriver/troubleshooting/errors#no-such-element-exception
Build info: version: '4.35.0', revision: '1c58e5028b'
System info: os.name: 'Mac OS X', os.arch: 'x86_64', os.version: '15.4.1', java.version: '23.0.2'
Driver info: driver.version: unknown
at org.openqa.selenium.support.ui.Select.selectByVisibleText(Select.java:167)
at pages.GUIFormPage.selectCountry(GUIFormPage.java:103)
at testcase.LocatorsAndActionsPractise.fillFormAndSelectDate(LocatorsAndActionsPractise.java:30)
at java.base/java.util.ArrayList.forEach(ArrayList.java:1597)
... Removed 25 stack frames]]>
    </failure>
  </testcase> <!-- fillFormAndSelectDate -->
</testsuite> <!-- Automation Practise Test -->
