<?xml version="1.0" encoding="UTF-8"?>
<!-- Generated by org.testng.reporters.JUnitReportReporter -->
<testsuite hostname="Adityas-MacBook-Pro.local" failures="0" tests="1" name="cucumber.TestNGTestRunner" time="7.689" errors="1" timestamp="2025-09-06T19:00:30 IST" skipped="0">
  <testcase classname="cucumber.TestNGTestRunner" name="runScenario" time="7.689">
    <error message="Keys to send should be a not null CharSequence" type="java.lang.IllegalArgumentException">
      <![CDATA[java.lang.IllegalArgumentException: Keys to send should be a not null CharSequence
at org.openqa.selenium.remote.RemoteWebElement.sendKeys(RemoteWebElement.java:96)
at pages.GUIFormPage.enterName(GUIFormPage.java:24)
at StepDefinitions.FormSteps.I_fill_the_form_and_calendar_with_Excel_data(FormSteps.java:49)
at ✽.I fill the form and calendar with Excel data(file:///Users/adityapargunde/eclipse-workspace/TestAutomationPractiseFramework/src/test/java/cucumber/GUIFormPage.feature:5)
]]>
    </error>
  </testcase> <!-- runScenario -->
</testsuite> <!-- cucumber.TestNGTestRunner -->
